<?xml version="1.0" encoding="UTF-8"?>
<coverage generated="1515387948263" clover="3.2.0">
  <project timestamp="1515387948263" name="All files">
    <metrics statements="104" coveredstatements="33" conditionals="26" coveredconditionals="8" methods="48" coveredmethods="7" elements="178" coveredelements="48" complexity="0" loc="104" ncloc="104" packages="4" files="11" classes="11">
      <package name="actions">
        <metrics statements="30" coveredstatements="5" conditionals="4" coveredconditionals="0" methods="10" coveredmethods="0"/>
        <file name="cartActions.js" path="D:\LearningReact\ReactAssignment\actions\cartActions.js">
          <metrics statements="6" coveredstatements="3" conditionals="0" coveredconditionals="0" methods="4" coveredmethods="0"/>
          <line num="3" count="2" type="stmt"/>
          <line num="4" count="0" type="stmt"/>
          <line num="10" count="2" type="stmt"/>
          <line num="11" count="0" type="stmt"/>
          <line num="17" count="2" type="stmt"/>
          <line num="18" count="0" type="stmt"/>
        </file>
        <file name="eShopActions.js" path="D:\LearningReact\ReactAssignment\actions\eShopActions.js">
          <metrics statements="24" coveredstatements="2" conditionals="4" coveredconditionals="0" methods="6" coveredmethods="0"/>
          <line num="3" count="3" type="stmt"/>
          <line num="4" count="0" type="stmt"/>
          <line num="5" count="0" type="cond" truecount="0" falsecount="4"/>
          <line num="7" count="0" type="stmt"/>
          <line num="8" count="0" type="stmt"/>
          <line num="9" count="0" type="stmt"/>
          <line num="11" count="0" type="stmt"/>
          <line num="12" count="0" type="stmt"/>
          <line num="13" count="0" type="stmt"/>
          <line num="16" count="0" type="stmt"/>
          <line num="17" count="0" type="stmt"/>
          <line num="18" count="0" type="stmt"/>
          <line num="20" count="0" type="stmt"/>
          <line num="21" count="0" type="stmt"/>
          <line num="22" count="0" type="stmt"/>
          <line num="24" count="0" type="stmt"/>
          <line num="41" count="3" type="stmt"/>
          <line num="42" count="0" type="stmt"/>
          <line num="43" count="0" type="stmt"/>
          <line num="44" count="0" type="stmt"/>
          <line num="46" count="0" type="stmt"/>
          <line num="51" count="0" type="stmt"/>
          <line num="55" count="0" type="stmt"/>
          <line num="62" count="0" type="stmt"/>
        </file>
      </package>
      <package name="components">
        <metrics statements="56" coveredstatements="13" conditionals="14" coveredconditionals="3" methods="33" coveredmethods="3"/>
        <file name="Cart.js" path="D:\LearningReact\ReactAssignment\components\Cart.js">
          <metrics statements="13" coveredstatements="2" conditionals="2" coveredconditionals="0" methods="7" coveredmethods="0"/>
          <line num="9" count="0" type="stmt"/>
          <line num="10" count="0" type="stmt"/>
          <line num="11" count="0" type="stmt"/>
          <line num="14" count="0" type="stmt"/>
          <line num="17" count="0" type="stmt"/>
          <line num="24" count="0" type="cond" truecount="0" falsecount="2"/>
          <line num="25" count="0" type="stmt"/>
          <line num="35" count="0" type="stmt"/>
          <line num="42" count="2" type="stmt"/>
          <line num="43" count="0" type="stmt"/>
          <line num="49" count="2" type="stmt"/>
          <line num="50" count="0" type="stmt"/>
          <line num="52" count="0" type="stmt"/>
        </file>
        <file name="CartItem.js" path="D:\LearningReact\ReactAssignment\components\CartItem.js">
          <metrics statements="5" coveredstatements="1" conditionals="0" coveredconditionals="0" methods="3" coveredmethods="0"/>
          <line num="6" count="0" type="stmt"/>
          <line num="7" count="0" type="stmt"/>
          <line num="10" count="0" type="stmt"/>
          <line num="14" count="0" type="stmt"/>
          <line num="33" count="2" type="stmt"/>
        </file>
        <file name="EShop.js" path="D:\LearningReact\ReactAssignment\components\EShop.js">
          <metrics statements="22" coveredstatements="2" conditionals="2" coveredconditionals="0" methods="14" coveredmethods="0"/>
          <line num="12" count="0" type="stmt"/>
          <line num="13" count="0" type="stmt"/>
          <line num="14" count="0" type="stmt"/>
          <line num="15" count="0" type="stmt"/>
          <line num="18" count="0" type="stmt"/>
          <line num="21" count="0" type="stmt"/>
          <line num="24" count="0" type="stmt"/>
          <line num="25" count="0" type="cond" truecount="0" falsecount="2"/>
          <line num="26" count="0" type="stmt"/>
          <line num="29" count="0" type="stmt"/>
          <line num="31" count="0" type="stmt"/>
          <line num="34" count="0" type="stmt"/>
          <line num="37" count="0" type="stmt"/>
          <line num="43" count="0" type="stmt"/>
          <line num="58" count="2" type="stmt"/>
          <line num="59" count="0" type="stmt"/>
          <line num="64" count="2" type="stmt"/>
          <line num="65" count="0" type="stmt"/>
          <line num="67" count="0" type="stmt"/>
          <line num="70" count="0" type="stmt"/>
          <line num="73" count="0" type="stmt"/>
          <line num="76" count="0" type="stmt"/>
        </file>
        <file name="Header.js" path="D:\LearningReact\ReactAssignment\components\Header.js">
          <metrics statements="4" coveredstatements="2" conditionals="4" coveredconditionals="0" methods="2" coveredmethods="0"/>
          <line num="4" count="2" type="stmt"/>
          <line num="17" count="0" type="stmt"/>
          <line num="45" count="2" type="stmt"/>
          <line num="46" count="0" type="stmt"/>
        </file>
        <file name="Layout.js" path="D:\LearningReact\ReactAssignment\components\Layout.js">
          <metrics statements="1" coveredstatements="1" conditionals="0" coveredconditionals="0" methods="1" coveredmethods="1"/>
          <line num="8" count="1" type="stmt"/>
        </file>
        <file name="ProductItem.js" path="D:\LearningReact\ReactAssignment\components\ProductItem.js">
          <metrics statements="6" coveredstatements="5" conditionals="6" coveredconditionals="3" methods="3" coveredmethods="2"/>
          <line num="6" count="1" type="stmt"/>
          <line num="7" count="1" type="stmt"/>
          <line num="10" count="0" type="stmt"/>
          <line num="14" count="1" type="cond" truecount="1" falsecount="1"/>
          <line num="16" count="1" type="stmt"/>
          <line num="38" count="3" type="stmt"/>
        </file>
        <file name="SortProducts.js" path="D:\LearningReact\ReactAssignment\components\SortProducts.js">
          <metrics statements="5" coveredstatements="0" conditionals="0" coveredconditionals="0" methods="3" coveredmethods="0"/>
          <line num="5" count="0" type="stmt"/>
          <line num="6" count="0" type="stmt"/>
          <line num="9" count="0" type="stmt"/>
          <line num="10" count="0" type="stmt"/>
          <line num="14" count="0" type="stmt"/>
        </file>
      </package>
      <package name="reducers">
        <metrics statements="14" coveredstatements="12" conditionals="8" coveredconditionals="5" methods="2" coveredmethods="2"/>
        <file name="eShopReducer.js" path="D:\LearningReact\ReactAssignment\reducers\eShopReducer.js">
          <metrics statements="14" coveredstatements="12" conditionals="8" coveredconditionals="5" methods="2" coveredmethods="2"/>
          <line num="3" count="1" type="cond" truecount="1" falsecount="0"/>
          <line num="8" count="5" type="cond" truecount="4" falsecount="1"/>
          <line num="10" count="1" type="stmt"/>
          <line num="14" count="1" type="stmt"/>
          <line num="16" count="1" type="stmt"/>
          <line num="20" count="1" type="stmt"/>
          <line num="22" count="1" type="stmt"/>
          <line num="24" count="1" type="stmt"/>
          <line num="26" count="1" type="stmt"/>
          <line num="28" count="1" type="stmt"/>
          <line num="32" count="1" type="stmt"/>
          <line num="34" count="0" type="stmt"/>
          <line num="38" count="0" type="stmt"/>
          <line num="40" count="5" type="stmt"/>
        </file>
      </package>
      <package name="routes">
        <metrics statements="4" coveredstatements="3" conditionals="0" coveredconditionals="0" methods="3" coveredmethods="2"/>
        <file name="Routes.js" path="D:\LearningReact\ReactAssignment\routes\Routes.js">
          <metrics statements="4" coveredstatements="3" conditionals="0" coveredconditionals="0" methods="3" coveredmethods="2"/>
          <line num="8" count="2" type="stmt"/>
          <line num="12" count="1" type="stmt"/>
          <line num="16" count="1" type="stmt"/>
          <line num="20" count="0" type="stmt"/>
        </file>
      </package>
    </metrics>
  </project>
</coverage>
