{"D:\\LearningReact\\ReactAssignment\\actions\\cartActions.js": {"path":"D:\\LearningReact\\ReactAssignment\\actions\\cartActions.js","statementMap":{"0":{"start":{"line":3,"column":25},"end":{"line":8,"column":1}},"1":{"start":{"line":4,"column":4},"end":{"line":7,"column":5}},"2":{"start":{"line":10,"column":30},"end":{"line":15,"column":1}},"3":{"start":{"line":11,"column":4},"end":{"line":14,"column":5}},"4":{"start":{"line":17,"column":28},"end":{"line":19,"column":1}},"5":{"start":{"line":18,"column":4},"end":{"line":18,"column":71}},"6":{"start":{"line":18,"column":45},"end":{"line":18,"column":70}}},"fnMap":{"0":{"name":"(anonymous_0)","decl":{"start":{"line":3,"column":25},"end":{"line":3,"column":26}},"loc":{"start":{"line":3,"column":33},"end":{"line":8,"column":1}},"line":3},"1":{"name":"(anonymous_1)","decl":{"start":{"line":10,"column":30},"end":{"line":10,"column":31}},"loc":{"start":{"line":10,"column":38},"end":{"line":15,"column":1}},"line":10},"2":{"name":"(anonymous_2)","decl":{"start":{"line":17,"column":28},"end":{"line":17,"column":29}},"loc":{"start":{"line":17,"column":39},"end":{"line":19,"column":1}},"line":17},"3":{"name":"(anonymous_3)","decl":{"start":{"line":18,"column":39},"end":{"line":18,"column":40}},"loc":{"start":{"line":18,"column":45},"end":{"line":18,"column":70}},"line":18}},"branchMap":{},"s":{"0":2,"1":0,"2":2,"3":0,"4":2,"5":0,"6":0},"f":{"0":0,"1":0,"2":0,"3":0},"b":{},"_coverageSchema":"332fd63041d2c1bcb487cc26dd0d5f7d97098a6c","hash":"188485866a4480b7b6ad655a2f2ba219d4b7ca49"}
,"D:\\LearningReact\\ReactAssignment\\actions\\eShopActions.js": {"path":"D:\\LearningReact\\ReactAssignment\\actions\\eShopActions.js","statementMap":{"0":{"start":{"line":3,"column":30},"end":{"line":28,"column":1}},"1":{"start":{"line":4,"column":21},"end":{"line":4,"column":23}},"2":{"start":{"line":5,"column":4},"end":{"line":23,"column":5}},"3":{"start":{"line":7,"column":12},"end":{"line":7,"column":48}},"4":{"start":{"line":8,"column":12},"end":{"line":8,"column":38}},"5":{"start":{"line":9,"column":12},"end":{"line":9,"column":18}},"6":{"start":{"line":11,"column":12},"end":{"line":11,"column":48}},"7":{"start":{"line":12,"column":12},"end":{"line":12,"column":46}},"8":{"start":{"line":13,"column":12},"end":{"line":13,"column":18}},"9":{"start":{"line":16,"column":12},"end":{"line":16,"column":49}},"10":{"start":{"line":17,"column":12},"end":{"line":17,"column":38}},"11":{"start":{"line":18,"column":12},"end":{"line":18,"column":18}},"12":{"start":{"line":20,"column":12},"end":{"line":20,"column":49}},"13":{"start":{"line":21,"column":12},"end":{"line":21,"column":46}},"14":{"start":{"line":22,"column":12},"end":{"line":22,"column":18}},"15":{"start":{"line":24,"column":4},"end":{"line":27,"column":5}},"16":{"start":{"line":41,"column":27},"end":{"line":48,"column":1}},"17":{"start":{"line":42,"column":4},"end":{"line":47,"column":5}},"18":{"start":{"line":43,"column":21},"end":{"line":43,"column":70}},"19":{"start":{"line":44,"column":8},"end":{"line":44,"column":44}},"20":{"start":{"line":46,"column":8},"end":{"line":46,"column":42}},"21":{"start":{"line":51,"column":4},"end":{"line":51,"column":72}},"22":{"start":{"line":51,"column":52},"end":{"line":51,"column":71}},"23":{"start":{"line":55,"column":4},"end":{"line":58,"column":5}},"24":{"start":{"line":62,"column":4},"end":{"line":65,"column":5}}},"fnMap":{"0":{"name":"(anonymous_0)","decl":{"start":{"line":3,"column":30},"end":{"line":3,"column":31}},"loc":{"start":{"line":3,"column":42},"end":{"line":28,"column":1}},"line":3},"1":{"name":"(anonymous_1)","decl":{"start":{"line":41,"column":27},"end":{"line":41,"column":28}},"loc":{"start":{"line":41,"column":38},"end":{"line":48,"column":1}},"line":41},"2":{"name":"getProduct","decl":{"start":{"line":50,"column":16},"end":{"line":50,"column":26}},"loc":{"start":{"line":50,"column":41},"end":{"line":52,"column":1}},"line":50},"3":{"name":"(anonymous_3)","decl":{"start":{"line":51,"column":44},"end":{"line":51,"column":45}},"loc":{"start":{"line":51,"column":52},"end":{"line":51,"column":71}},"line":51},"4":{"name":"displayProducts","decl":{"start":{"line":54,"column":16},"end":{"line":54,"column":31}},"loc":{"start":{"line":54,"column":42},"end":{"line":59,"column":1}},"line":54},"5":{"name":"handleError","decl":{"start":{"line":61,"column":16},"end":{"line":61,"column":27}},"loc":{"start":{"line":61,"column":32},"end":{"line":66,"column":1}},"line":61}},"branchMap":{"0":{"loc":{"start":{"line":5,"column":4},"end":{"line":23,"column":5}},"type":"switch","locations":[{"start":{"line":6,"column":8},"end":{"line":9,"column":18}},{"start":{"line":10,"column":8},"end":{"line":13,"column":18}},{"start":{"line":14,"column":8},"end":{"line":18,"column":18}},{"start":{"line":19,"column":8},"end":{"line":22,"column":18}}],"line":5}},"s":{"0":3,"1":0,"2":0,"3":0,"4":0,"5":0,"6":0,"7":0,"8":0,"9":0,"10":0,"11":0,"12":0,"13":0,"14":0,"15":0,"16":3,"17":0,"18":0,"19":0,"20":0,"21":0,"22":0,"23":0,"24":0},"f":{"0":0,"1":0,"2":0,"3":0,"4":0,"5":0},"b":{"0":[0,0,0,0]},"_coverageSchema":"332fd63041d2c1bcb487cc26dd0d5f7d97098a6c","hash":"c9ab722e9588121354147b5b831e305d9c4844b1"}
,"D:\\LearningReact\\ReactAssignment\\components\\Cart.js": {"path":"D:\\LearningReact\\ReactAssignment\\components\\Cart.js","statementMap":{"0":{"start":{"line":9,"column":8},"end":{"line":9,"column":16}},"1":{"start":{"line":10,"column":8},"end":{"line":10,"column":55}},"2":{"start":{"line":11,"column":8},"end":{"line":11,"column":57}},"3":{"start":{"line":14,"column":8},"end":{"line":14,"column":38}},"4":{"start":{"line":17,"column":8},"end":{"line":20,"column":10}},"5":{"start":{"line":24,"column":8},"end":{"line":38,"column":9}},"6":{"start":{"line":25,"column":12},"end":{"line":32,"column":14}},"7":{"start":{"line":35,"column":12},"end":{"line":37,"column":14}},"8":{"start":{"line":42,"column":24},"end":{"line":47,"column":1}},"9":{"start":{"line":43,"column":4},"end":{"line":46,"column":6}},"10":{"start":{"line":49,"column":27},"end":{"line":55,"column":1}},"11":{"start":{"line":50,"column":4},"end":{"line":54,"column":5}},"12":{"start":{"line":52,"column":12},"end":{"line":52,"column":40}}},"fnMap":{"0":{"name":"(anonymous_0)","decl":{"start":{"line":8,"column":4},"end":{"line":8,"column":5}},"loc":{"start":{"line":8,"column":23},"end":{"line":12,"column":5}},"line":8},"1":{"name":"(anonymous_1)","decl":{"start":{"line":13,"column":4},"end":{"line":13,"column":5}},"loc":{"start":{"line":13,"column":20},"end":{"line":15,"column":5}},"line":13},"2":{"name":"(anonymous_2)","decl":{"start":{"line":16,"column":4},"end":{"line":16,"column":5}},"loc":{"start":{"line":16,"column":34},"end":{"line":21,"column":5}},"line":16},"3":{"name":"(anonymous_3)","decl":{"start":{"line":23,"column":4},"end":{"line":23,"column":5}},"loc":{"start":{"line":23,"column":13},"end":{"line":39,"column":5}},"line":23},"4":{"name":"(anonymous_4)","decl":{"start":{"line":42,"column":24},"end":{"line":42,"column":25}},"loc":{"start":{"line":42,"column":35},"end":{"line":47,"column":1}},"line":42},"5":{"name":"(anonymous_5)","decl":{"start":{"line":49,"column":27},"end":{"line":49,"column":28}},"loc":{"start":{"line":49,"column":41},"end":{"line":55,"column":1}},"line":49},"6":{"name":"(anonymous_6)","decl":{"start":{"line":51,"column":24},"end":{"line":51,"column":25}},"loc":{"start":{"line":51,"column":32},"end":{"line":53,"column":9}},"line":51}},"branchMap":{"0":{"loc":{"start":{"line":24,"column":8},"end":{"line":38,"column":9}},"type":"if","locations":[{"start":{"line":24,"column":8},"end":{"line":38,"column":9}},{"start":{"line":24,"column":8},"end":{"line":38,"column":9}}],"line":24}},"s":{"0":0,"1":0,"2":0,"3":0,"4":0,"5":0,"6":0,"7":0,"8":2,"9":0,"10":2,"11":0,"12":0},"f":{"0":0,"1":0,"2":0,"3":0,"4":0,"5":0,"6":0},"b":{"0":[0,0]},"_coverageSchema":"332fd63041d2c1bcb487cc26dd0d5f7d97098a6c","hash":"c9b277c0841f8246ed4247e530897db830894bd2"}
,"D:\\LearningReact\\ReactAssignment\\components\\CartItem.js": {"path":"D:\\LearningReact\\ReactAssignment\\components\\CartItem.js","statementMap":{"0":{"start":{"line":6,"column":8},"end":{"line":6,"column":21}},"1":{"start":{"line":7,"column":8},"end":{"line":7,"column":55}},"2":{"start":{"line":10,"column":8},"end":{"line":10,"column":49}},"3":{"start":{"line":14,"column":8},"end":{"line":29,"column":10}},"4":{"start":{"line":33,"column":0},"end":{"line":37,"column":1}}},"fnMap":{"0":{"name":"(anonymous_0)","decl":{"start":{"line":5,"column":4},"end":{"line":5,"column":5}},"loc":{"start":{"line":5,"column":23},"end":{"line":8,"column":5}},"line":5},"1":{"name":"(anonymous_1)","decl":{"start":{"line":9,"column":4},"end":{"line":9,"column":5}},"loc":{"start":{"line":9,"column":18},"end":{"line":11,"column":5}},"line":9},"2":{"name":"(anonymous_2)","decl":{"start":{"line":13,"column":4},"end":{"line":13,"column":5}},"loc":{"start":{"line":13,"column":13},"end":{"line":30,"column":5}},"line":13}},"branchMap":{},"s":{"0":0,"1":0,"2":0,"3":0,"4":2},"f":{"0":0,"1":0,"2":0},"b":{},"_coverageSchema":"332fd63041d2c1bcb487cc26dd0d5f7d97098a6c","hash":"cdb3438c0144c975656e05601ab963423fa83cdb"}
,"D:\\LearningReact\\ReactAssignment\\components\\EShop.js": {"path":"D:\\LearningReact\\ReactAssignment\\components\\EShop.js","statementMap":{"0":{"start":{"line":12,"column":8},"end":{"line":12,"column":16}},"1":{"start":{"line":13,"column":8},"end":{"line":13,"column":55}},"2":{"start":{"line":14,"column":8},"end":{"line":14,"column":55}},"3":{"start":{"line":15,"column":8},"end":{"line":15,"column":57}},"4":{"start":{"line":18,"column":8},"end":{"line":18,"column":61}},"5":{"start":{"line":18,"column":46},"end":{"line":18,"column":53}},"6":{"start":{"line":21,"column":8},"end":{"line":21,"column":49}},"7":{"start":{"line":24,"column":21},"end":{"line":24,"column":41}},"8":{"start":{"line":25,"column":8},"end":{"line":30,"column":9}},"9":{"start":{"line":26,"column":12},"end":{"line":26,"column":37}},"10":{"start":{"line":29,"column":12},"end":{"line":29,"column":41}},"11":{"start":{"line":31,"column":8},"end":{"line":31,"column":44}},"12":{"start":{"line":34,"column":8},"end":{"line":34,"column":33}},"13":{"start":{"line":37,"column":8},"end":{"line":40,"column":10}},"14":{"start":{"line":43,"column":8},"end":{"line":54,"column":10}},"15":{"start":{"line":58,"column":24},"end":{"line":63,"column":1}},"16":{"start":{"line":59,"column":4},"end":{"line":62,"column":5}},"17":{"start":{"line":64,"column":27},"end":{"line":79,"column":1}},"18":{"start":{"line":65,"column":4},"end":{"line":78,"column":5}},"19":{"start":{"line":67,"column":12},"end":{"line":67,"column":35}},"20":{"start":{"line":70,"column":12},"end":{"line":70,"column":35}},"21":{"start":{"line":73,"column":12},"end":{"line":73,"column":40}},"22":{"start":{"line":76,"column":12},"end":{"line":76,"column":44}}},"fnMap":{"0":{"name":"(anonymous_0)","decl":{"start":{"line":11,"column":4},"end":{"line":11,"column":5}},"loc":{"start":{"line":11,"column":23},"end":{"line":16,"column":5}},"line":11},"1":{"name":"(anonymous_1)","decl":{"start":{"line":17,"column":4},"end":{"line":17,"column":5}},"loc":{"start":{"line":17,"column":20},"end":{"line":19,"column":5}},"line":17},"2":{"name":"(anonymous_2)","decl":{"start":{"line":18,"column":41},"end":{"line":18,"column":42}},"loc":{"start":{"line":18,"column":46},"end":{"line":18,"column":53}},"line":18},"3":{"name":"(anonymous_3)","decl":{"start":{"line":20,"column":4},"end":{"line":20,"column":5}},"loc":{"start":{"line":20,"column":25},"end":{"line":22,"column":5}},"line":20},"4":{"name":"(anonymous_4)","decl":{"start":{"line":23,"column":4},"end":{"line":23,"column":5}},"loc":{"start":{"line":23,"column":20},"end":{"line":32,"column":5}},"line":23},"5":{"name":"(anonymous_5)","decl":{"start":{"line":33,"column":4},"end":{"line":33,"column":5}},"loc":{"start":{"line":33,"column":25},"end":{"line":35,"column":5}},"line":33},"6":{"name":"(anonymous_6)","decl":{"start":{"line":36,"column":4},"end":{"line":36,"column":5}},"loc":{"start":{"line":36,"column":32},"end":{"line":41,"column":5}},"line":36},"7":{"name":"(anonymous_7)","decl":{"start":{"line":42,"column":4},"end":{"line":42,"column":5}},"loc":{"start":{"line":42,"column":13},"end":{"line":55,"column":5}},"line":42},"8":{"name":"(anonymous_8)","decl":{"start":{"line":58,"column":24},"end":{"line":58,"column":25}},"loc":{"start":{"line":58,"column":35},"end":{"line":63,"column":1}},"line":58},"9":{"name":"(anonymous_9)","decl":{"start":{"line":64,"column":27},"end":{"line":64,"column":28}},"loc":{"start":{"line":64,"column":41},"end":{"line":79,"column":1}},"line":64},"10":{"name":"(anonymous_10)","decl":{"start":{"line":66,"column":21},"end":{"line":66,"column":22}},"loc":{"start":{"line":66,"column":27},"end":{"line":68,"column":9}},"line":66},"11":{"name":"(anonymous_11)","decl":{"start":{"line":69,"column":19},"end":{"line":69,"column":20}},"loc":{"start":{"line":69,"column":27},"end":{"line":71,"column":9}},"line":69},"12":{"name":"(anonymous_12)","decl":{"start":{"line":72,"column":24},"end":{"line":72,"column":25}},"loc":{"start":{"line":72,"column":32},"end":{"line":74,"column":9}},"line":72},"13":{"name":"(anonymous_13)","decl":{"start":{"line":75,"column":24},"end":{"line":75,"column":25}},"loc":{"start":{"line":75,"column":36},"end":{"line":77,"column":9}},"line":75}},"branchMap":{"0":{"loc":{"start":{"line":25,"column":8},"end":{"line":30,"column":9}},"type":"if","locations":[{"start":{"line":25,"column":8},"end":{"line":30,"column":9}},{"start":{"line":25,"column":8},"end":{"line":30,"column":9}}],"line":25}},"s":{"0":0,"1":0,"2":0,"3":0,"4":0,"5":0,"6":0,"7":0,"8":0,"9":0,"10":0,"11":0,"12":0,"13":0,"14":0,"15":2,"16":0,"17":2,"18":0,"19":0,"20":0,"21":0,"22":0},"f":{"0":0,"1":0,"2":0,"3":0,"4":0,"5":0,"6":0,"7":0,"8":0,"9":0,"10":0,"11":0,"12":0,"13":0},"b":{"0":[0,0]},"_coverageSchema":"332fd63041d2c1bcb487cc26dd0d5f7d97098a6c","hash":"847c391d131f003a308c3d76e236a0a546ecee14"}
,"D:\\LearningReact\\ReactAssignment\\components\\Header.js": {"path":"D:\\LearningReact\\ReactAssignment\\components\\Header.js","statementMap":{"0":{"start":{"line":4,"column":16},"end":{"line":13,"column":1}},"1":{"start":{"line":17,"column":8},"end":{"line":41,"column":10}},"2":{"start":{"line":45,"column":24},"end":{"line":49,"column":1}},"3":{"start":{"line":46,"column":4},"end":{"line":48,"column":5}}},"fnMap":{"0":{"name":"(anonymous_0)","decl":{"start":{"line":16,"column":4},"end":{"line":16,"column":5}},"loc":{"start":{"line":16,"column":13},"end":{"line":42,"column":5}},"line":16},"1":{"name":"(anonymous_1)","decl":{"start":{"line":45,"column":24},"end":{"line":45,"column":25}},"loc":{"start":{"line":45,"column":35},"end":{"line":49,"column":1}},"line":45}},"branchMap":{"0":{"loc":{"start":{"line":29,"column":29},"end":{"line":31,"column":44}},"type":"cond-expr","locations":[{"start":{"line":29,"column":52},"end":{"line":31,"column":39}},{"start":{"line":31,"column":42},"end":{"line":31,"column":44}}],"line":29},"1":{"loc":{"start":{"line":47,"column":19},"end":{"line":47,"column":79}},"type":"cond-expr","locations":[{"start":{"line":47,"column":45},"end":{"line":47,"column":75}},{"start":{"line":47,"column":78},"end":{"line":47,"column":79}}],"line":47}},"s":{"0":2,"1":0,"2":2,"3":0},"f":{"0":0,"1":0},"b":{"0":[0,0],"1":[0,0]},"_coverageSchema":"332fd63041d2c1bcb487cc26dd0d5f7d97098a6c","hash":"9a78d9903c73712ac11636b81a0c94d3562ca0a5"}
,"D:\\LearningReact\\ReactAssignment\\components\\Layout.js": {"path":"D:\\LearningReact\\ReactAssignment\\components\\Layout.js","statementMap":{"0":{"start":{"line":8,"column":8},"end":{"line":16,"column":10}}},"fnMap":{"0":{"name":"(anonymous_0)","decl":{"start":{"line":7,"column":4},"end":{"line":7,"column":5}},"loc":{"start":{"line":7,"column":13},"end":{"line":17,"column":5}},"line":7}},"branchMap":{},"s":{"0":1},"f":{"0":1},"b":{},"_coverageSchema":"332fd63041d2c1bcb487cc26dd0d5f7d97098a6c","hash":"d9b97f25538fa0c6ae6b73f2b9c51825d31848ff"}
,"D:\\LearningReact\\ReactAssignment\\components\\ProductItem.js": {"path":"D:\\LearningReact\\ReactAssignment\\components\\ProductItem.js","statementMap":{"0":{"start":{"line":6,"column":8},"end":{"line":6,"column":21}},"1":{"start":{"line":7,"column":8},"end":{"line":7,"column":55}},"2":{"start":{"line":10,"column":8},"end":{"line":10,"column":49}},"3":{"start":{"line":14,"column":24},"end":{"line":15,"column":77}},"4":{"start":{"line":16,"column":8},"end":{"line":34,"column":10}},"5":{"start":{"line":38,"column":0},"end":{"line":42,"column":1}}},"fnMap":{"0":{"name":"(anonymous_0)","decl":{"start":{"line":5,"column":4},"end":{"line":5,"column":5}},"loc":{"start":{"line":5,"column":23},"end":{"line":8,"column":5}},"line":5},"1":{"name":"(anonymous_1)","decl":{"start":{"line":9,"column":4},"end":{"line":9,"column":5}},"loc":{"start":{"line":9,"column":18},"end":{"line":11,"column":5}},"line":9},"2":{"name":"(anonymous_2)","decl":{"start":{"line":13,"column":4},"end":{"line":13,"column":5}},"loc":{"start":{"line":13,"column":13},"end":{"line":35,"column":5}},"line":13}},"branchMap":{"0":{"loc":{"start":{"line":14,"column":24},"end":{"line":15,"column":77}},"type":"cond-expr","locations":[{"start":{"line":15,"column":12},"end":{"line":15,"column":52}},{"start":{"line":15,"column":55},"end":{"line":15,"column":77}}],"line":14},"1":{"loc":{"start":{"line":28,"column":73},"end":{"line":28,"column":121}},"type":"cond-expr","locations":[{"start":{"line":28,"column":85},"end":{"line":28,"column":102}},{"start":{"line":28,"column":105},"end":{"line":28,"column":121}}],"line":28},"2":{"loc":{"start":{"line":29,"column":29},"end":{"line":29,"column":65}},"type":"cond-expr","locations":[{"start":{"line":29,"column":41},"end":{"line":29,"column":54}},{"start":{"line":29,"column":57},"end":{"line":29,"column":65}}],"line":29}},"s":{"0":1,"1":1,"2":0,"3":1,"4":1,"5":3},"f":{"0":1,"1":0,"2":1},"b":{"0":[0,1],"1":[0,1],"2":[0,1]},"_coverageSchema":"332fd63041d2c1bcb487cc26dd0d5f7d97098a6c","hash":"da90a524ce312183b4313e97fd83917c16742649"}
,"D:\\LearningReact\\ReactAssignment\\components\\SortProducts.js": {"path":"D:\\LearningReact\\ReactAssignment\\components\\SortProducts.js","statementMap":{"0":{"start":{"line":5,"column":8},"end":{"line":5,"column":21}},"1":{"start":{"line":6,"column":8},"end":{"line":6,"column":57}},"2":{"start":{"line":9,"column":8},"end":{"line":9,"column":36}},"3":{"start":{"line":10,"column":8},"end":{"line":10,"column":48}},"4":{"start":{"line":14,"column":8},"end":{"line":24,"column":10}}},"fnMap":{"0":{"name":"(anonymous_0)","decl":{"start":{"line":4,"column":4},"end":{"line":4,"column":5}},"loc":{"start":{"line":4,"column":22},"end":{"line":7,"column":5}},"line":4},"1":{"name":"(anonymous_1)","decl":{"start":{"line":8,"column":4},"end":{"line":8,"column":5}},"loc":{"start":{"line":8,"column":19},"end":{"line":11,"column":5}},"line":8},"2":{"name":"(anonymous_2)","decl":{"start":{"line":12,"column":4},"end":{"line":12,"column":5}},"loc":{"start":{"line":12,"column":13},"end":{"line":25,"column":5}},"line":12}},"branchMap":{},"s":{"0":0,"1":0,"2":0,"3":0,"4":0},"f":{"0":0,"1":0,"2":0},"b":{},"_coverageSchema":"332fd63041d2c1bcb487cc26dd0d5f7d97098a6c","hash":"aadd8683a26841b92a1e63297cae793b2c20dfe6"}
,"D:\\LearningReact\\ReactAssignment\\reducers\\eShopReducer.js": {"path":"D:\\LearningReact\\ReactAssignment\\reducers\\eShopReducer.js","statementMap":{"0":{"start":{"line":3,"column":21},"end":{"line":41,"column":1}},"1":{"start":{"line":8,"column":4},"end":{"line":39,"column":5}},"2":{"start":{"line":10,"column":12},"end":{"line":13,"column":13}},"3":{"start":{"line":14,"column":12},"end":{"line":14,"column":18}},"4":{"start":{"line":16,"column":12},"end":{"line":19,"column":13}},"5":{"start":{"line":20,"column":12},"end":{"line":20,"column":18}},"6":{"start":{"line":22,"column":12},"end":{"line":25,"column":13}},"7":{"start":{"line":24,"column":46},"end":{"line":24,"column":67}},"8":{"start":{"line":26,"column":12},"end":{"line":26,"column":18}},"9":{"start":{"line":28,"column":12},"end":{"line":31,"column":13}},"10":{"start":{"line":32,"column":12},"end":{"line":32,"column":18}},"11":{"start":{"line":34,"column":12},"end":{"line":37,"column":13}},"12":{"start":{"line":38,"column":12},"end":{"line":38,"column":18}},"13":{"start":{"line":40,"column":4},"end":{"line":40,"column":17}}},"fnMap":{"0":{"name":"(anonymous_0)","decl":{"start":{"line":3,"column":21},"end":{"line":3,"column":22}},"loc":{"start":{"line":7,"column":14},"end":{"line":41,"column":1}},"line":7},"1":{"name":"(anonymous_1)","decl":{"start":{"line":24,"column":40},"end":{"line":24,"column":41}},"loc":{"start":{"line":24,"column":46},"end":{"line":24,"column":67}},"line":24}},"branchMap":{"0":{"loc":{"start":{"line":3,"column":22},"end":{"line":7,"column":1}},"type":"default-arg","locations":[{"start":{"line":3,"column":30},"end":{"line":7,"column":1}}],"line":3},"1":{"loc":{"start":{"line":8,"column":4},"end":{"line":39,"column":5}},"type":"switch","locations":[{"start":{"line":9,"column":8},"end":{"line":14,"column":18}},{"start":{"line":15,"column":8},"end":{"line":20,"column":18}},{"start":{"line":21,"column":8},"end":{"line":26,"column":18}},{"start":{"line":27,"column":8},"end":{"line":32,"column":18}},{"start":{"line":33,"column":8},"end":{"line":38,"column":18}}],"line":8},"2":{"loc":{"start":{"line":36,"column":23},"end":{"line":36,"column":99}},"type":"cond-expr","locations":[{"start":{"line":36,"column":38},"end":{"line":36,"column":50}},{"start":{"line":36,"column":53},"end":{"line":36,"column":99}}],"line":36}},"s":{"0":1,"1":5,"2":1,"3":1,"4":1,"5":1,"6":1,"7":1,"8":1,"9":1,"10":1,"11":0,"12":0,"13":5},"f":{"0":5,"1":1},"b":{"0":[1],"1":[1,1,1,1,0],"2":[0,0]},"_coverageSchema":"332fd63041d2c1bcb487cc26dd0d5f7d97098a6c","hash":"96ddc903bcf34cc3b97984bb61210edae12ed7c2"}
,"D:\\LearningReact\\ReactAssignment\\routes\\Routes.js": {"path":"D:\\LearningReact\\ReactAssignment\\routes\\Routes.js","statementMap":{"0":{"start":{"line":8,"column":16},"end":{"line":8,"column":38}},"1":{"start":{"line":12,"column":8},"end":{"line":12,"column":16}},"2":{"start":{"line":16,"column":8},"end":{"line":22,"column":10}},"3":{"start":{"line":20,"column":37},"end":{"line":20,"column":60}}},"fnMap":{"0":{"name":"(anonymous_0)","decl":{"start":{"line":11,"column":4},"end":{"line":11,"column":5}},"loc":{"start":{"line":11,"column":23},"end":{"line":14,"column":5}},"line":11},"1":{"name":"(anonymous_1)","decl":{"start":{"line":15,"column":4},"end":{"line":15,"column":5}},"loc":{"start":{"line":15,"column":13},"end":{"line":23,"column":5}},"line":15},"2":{"name":"(anonymous_2)","decl":{"start":{"line":20,"column":31},"end":{"line":20,"column":32}},"loc":{"start":{"line":20,"column":37},"end":{"line":20,"column":60}},"line":20}},"branchMap":{},"s":{"0":2,"1":1,"2":1,"3":0},"f":{"0":1,"1":1,"2":0},"b":{},"_coverageSchema":"332fd63041d2c1bcb487cc26dd0d5f7d97098a6c","hash":"fe2c75805a831e9c17fa1329f2d06f78e7e32a09"}
}
